<?xml version="1.0" encoding="UTF-8"?>
<!-- Generated by org.testng.reporters.JUnitReportReporter -->
<testsuite hostname="IXGLDX1B3" name="runner.testngRunner" tests="14" failures="0" timestamp="24 May 2022 08:47:41 GMT" time="11.816" errors="0">
  <testcase name="runScenario" time="1.223" classname="runner.testngRunner"/>
  <testcase name="runScenario" time="0.658" classname="runner.testngRunner"/>
  <testcase name="runScenario" time="0.736" classname="runner.testngRunner"/>
  <testcase name="runScenario" time="0.611" classname="runner.testngRunner"/>
  <testcase name="runScenario" time="2.511" classname="runner.testngRunner"/>
  <testcase name="runScenario" time="0.953" classname="runner.testngRunner"/>
  <testcase name="runScenario" time="0.614" classname="runner.testngRunner"/>
  <testcase name="runScenario" time="0.710" classname="runner.testngRunner"/>
  <testcase name="runScenario" time="0.615" classname="runner.testngRunner"/>
  <testcase name="runScenario" time="0.638" classname="runner.testngRunner"/>
  <testcase name="runScenario" time="0.640" classname="runner.testngRunner"/>
  <testcase name="runScenario" time="0.621" classname="runner.testngRunner"/>
  <testcase name="runScenario" time="0.654" classname="runner.testngRunner"/>
  <testcase name="runScenario" time="0.632" classname="runner.testngRunner"/>
</testsuite> <!-- runner.testngRunner -->
