<?xml version="1.0" encoding="UTF-8"?>
<!-- Generated by org.testng.reporters.JUnitReportReporter -->
<testsuite hostname="IXGLDX1B3" name="runner.testngRunnerSpecific" tests="14" failures="0" timestamp="24 May 2022 08:41:35 GMT" time="12.247" errors="0">
  <testcase name="runScenario" time="0.808" classname="runner.testngRunnerSpecific"/>
  <testcase name="runScenario" time="0.879" classname="runner.testngRunnerSpecific"/>
  <testcase name="runScenario" time="0.603" classname="runner.testngRunnerSpecific"/>
  <testcase name="runScenario" time="0.626" classname="runner.testngRunnerSpecific"/>
  <testcase name="runScenario" time="0.650" classname="runner.testngRunnerSpecific"/>
  <testcase name="runScenario" time="1.234" classname="runner.testngRunnerSpecific"/>
  <testcase name="runScenario" time="0.660" classname="runner.testngRunnerSpecific"/>
  <testcase name="runScenario" time="0.582" classname="runner.testngRunnerSpecific"/>
  <testcase name="runScenario" time="0.608" classname="runner.testngRunnerSpecific"/>
  <testcase name="runScenario" time="1.046" classname="runner.testngRunnerSpecific"/>
  <testcase name="runScenario" time="0.760" classname="runner.testngRunnerSpecific"/>
  <testcase name="runScenario" time="2.527" classname="runner.testngRunnerSpecific"/>
  <testcase name="runScenario" time="0.640" classname="runner.testngRunnerSpecific"/>
  <testcase name="runScenario" time="0.624" classname="runner.testngRunnerSpecific"/>
</testsuite> <!-- runner.testngRunnerSpecific -->
