<?xml version="1.0" encoding="UTF-8"?>
<!-- Generated by org.testng.reporters.JUnitReportReporter -->
<testsuite hostname="IXGLDX1B3" name="runner.testRunner" tests="14" failures="0" timestamp="24 May 2022 07:35:20 GMT" time="9.851" errors="0">
  <testcase name="runScenario" time="0.476" classname="runner.testRunner"/>
  <testcase name="runScenario" time="0.453" classname="runner.testRunner"/>
  <testcase name="runScenario" time="0.479" classname="runner.testRunner"/>
  <testcase name="runScenario" time="0.513" classname="runner.testRunner"/>
  <testcase name="runScenario" time="0.701" classname="runner.testRunner"/>
  <testcase name="runScenario" time="0.526" classname="runner.testRunner"/>
  <testcase name="runScenario" time="1.325" classname="runner.testRunner"/>
  <testcase name="runScenario" time="0.458" classname="runner.testRunner"/>
  <testcase name="runScenario" time="0.480" classname="runner.testRunner"/>
  <testcase name="runScenario" time="0.460" classname="runner.testRunner"/>
  <testcase name="runScenario" time="0.484" classname="runner.testRunner"/>
  <testcase name="runScenario" time="2.268" classname="runner.testRunner"/>
  <testcase name="runScenario" time="0.714" classname="runner.testRunner"/>
  <testcase name="runScenario" time="0.514" classname="runner.testRunner"/>
</testsuite> <!-- runner.testRunner -->
