<?xml version="1.0" encoding="UTF-8"?>
<!-- Generated by org.testng.reporters.JUnitReportReporter -->
<testsuite hostname="IXGLDX1B3" name="runner.testngRunner2" tests="6" failures="0" timestamp="24 May 2022 08:38:25 GMT" time="7.962" errors="0">
  <testcase name="runScenario" time="1.357" classname="runner.testngRunner2"/>
  <testcase name="runScenario" time="3.279" classname="runner.testngRunner2"/>
  <testcase name="runScenario" time="0.748" classname="runner.testngRunner2"/>
  <testcase name="runScenario" time="0.741" classname="runner.testngRunner2"/>
  <testcase name="runScenario" time="0.984" classname="runner.testngRunner2"/>
  <testcase name="runScenario" time="0.853" classname="runner.testngRunner2"/>
</testsuite> <!-- runner.testngRunner2 -->
